{
  "stats": {
    "suites": 1,
    "tests": 1,
    "passes": 0,
    "pending": 0,
    "failures": 1,
    "start": "2019-03-27T04:44:42.101Z",
    "end": "2019-03-27T04:45:10.535Z",
    "duration": 28434,
    "testsRegistered": 1,
    "passPercent": 0,
    "pendingPercent": 0,
    "other": 0,
    "hasOther": false,
    "skipped": 0,
    "hasSkipped": false,
    "passPercentClass": "danger",
    "pendingPercentClass": "danger"
  },
  "suites": {
    "uuid": "2efef23a-aacc-4434-a19f-a2b0f9ac9428",
    "title": "",
    "fullFile": "",
    "file": "",
    "beforeHooks": [],
    "afterHooks": [],
    "tests": [],
    "suites": [
      {
        "uuid": "773434f1-981c-43d2-8995-3d0d4d8b960e",
        "title": "Checkout Tests",
        "fullFile": "/home/qainfotech/Desktop/SV/serviceVirtualization/test/use_case/addToCart_test.js",
        "file": "/test/use_case/addToCart_test.js",
        "beforeHooks": [
          {
            "title": "\"before all\" hook",
            "fullTitle": "Checkout Tests \"before all\" hook",
            "timedOut": false,
            "duration": 0,
            "pass": false,
            "fail": false,
            "pending": false,
            "code": "this.homePage = new HomePage(webdriver, driver);",
            "err": {},
            "isRoot": false,
            "uuid": "b0bf8b96-d53d-477a-9ae7-16192b7c224d",
            "isHook": true,
            "skipped": false
          }
        ],
        "afterHooks": [],
        "tests": [
          {
            "title": "Add items into Shopping cart, on home page",
            "fullTitle": "Checkout Tests Add items into Shopping cart, on home page",
            "timedOut": false,
            "duration": 28389,
            "state": "failed",
            "pass": false,
            "fail": true,
            "pending": false,
            "code": "await this.homePage.openUrl();\nawait this.homePage.waitForTitleToBe(\"Buy Cosmetics Products & Beauty Products Online in India at Best Price | Nykaa\");\nawait this.homePage.mockAttepmtSubmissionResponse();\nawait this.homePage.clickOnBagIcon();\nawait this.homePage.getProductCount().then(function(el){\n  assert.equal(el.length, 4);\n  this.homePage.log('Products has been added into the Shopping Cart');\n});",
            "err": {
              "message": "TypeError: Cannot read property 'log' of undefined",
              "estack": "TypeError: Cannot read property 'log' of undefined\n    at /home/qainfotech/Desktop/SV/serviceVirtualization/test/use_case/addToCart_test.js:20:21\n    at <anonymous>\n    at process._tickCallback (internal/process/next_tick.js:118:7)"
            },
            "isRoot": false,
            "uuid": "9f3d95f4-f7d0-4689-9493-4c0902f99d81",
            "isHook": false,
            "skipped": false
          }
        ],
        "suites": [],
        "passes": [],
        "failures": [
          "9f3d95f4-f7d0-4689-9493-4c0902f99d81"
        ],
        "pending": [],
        "skipped": [],
        "duration": 28389,
        "root": false,
        "rootEmpty": false,
        "_timeout": 200000
      }
    ],
    "passes": [],
    "failures": [],
    "pending": [],
    "skipped": [],
    "duration": 0,
    "root": true,
    "rootEmpty": true,
    "_timeout": 200000
  },
  "copyrightYear": 2019
}